
> eaglescope@1.0.0 test
> jest

  console.error
    Error: Uncaught [TypeError: targetWindow.matchMedia is not a function]
        at reportException (/Users/rbirmin/Documents/eaglescope/node_modules/jest-environment-jsdom/node_modules/jsdom/lib/jsdom/living/helpers/runtime-script-errors.js:66:24)
        at innerInvokeEventListeners (/Users/rbirmin/Documents/eaglescope/node_modules/jest-environment-jsdom/node_modules/jsdom/lib/jsdom/living/events/EventTarget-impl.js:353:9)
        at invokeEventListeners (/Users/rbirmin/Documents/eaglescope/node_modules/jest-environment-jsdom/node_modules/jsdom/lib/jsdom/living/events/EventTarget-impl.js:286:3)
        at HTMLUnknownElementImpl._dispatch (/Users/rbirmin/Documents/eaglescope/node_modules/jest-environment-jsdom/node_modules/jsdom/lib/jsdom/living/events/EventTarget-impl.js:233:9)
        at HTMLUnknownElementImpl.dispatchEvent (/Users/rbirmin/Documents/eaglescope/node_modules/jest-environment-jsdom/node_modules/jsdom/lib/jsdom/living/events/EventTarget-impl.js:104:17)
        at HTMLUnknownElement.dispatchEvent (/Users/rbirmin/Documents/eaglescope/node_modules/jest-environment-jsdom/node_modules/jsdom/lib/jsdom/living/generated/EventTarget.js:241:34)
        at Object.invokeGuardedCallbackDev (/Users/rbirmin/Documents/eaglescope/node_modules/react-dom/cjs/react-dom.development.js:4213:16)
        at invokeGuardedCallback (/Users/rbirmin/Documents/eaglescope/node_modules/react-dom/cjs/react-dom.development.js:4277:31)
        at beginWork$1 (/Users/rbirmin/Documents/eaglescope/node_modules/react-dom/cjs/react-dom.development.js:27451:7)
        at performUnitOfWork (/Users/rbirmin/Documents/eaglescope/node_modules/react-dom/cjs/react-dom.development.js:26560:12)
        at workLoopSync (/Users/rbirmin/Documents/eaglescope/node_modules/react-dom/cjs/react-dom.development.js:26466:5)
        at renderRootSync (/Users/rbirmin/Documents/eaglescope/node_modules/react-dom/cjs/react-dom.development.js:26434:7)
        at performConcurrentWorkOnRoot (/Users/rbirmin/Documents/eaglescope/node_modules/react-dom/cjs/react-dom.development.js:25738:74)
        at flushActQueue (/Users/rbirmin/Documents/eaglescope/node_modules/react/cjs/react.development.js:2667:24)
        at act (/Users/rbirmin/Documents/eaglescope/node_modules/react/cjs/react.development.js:2582:11)
        at /Users/rbirmin/Documents/eaglescope/node_modules/@testing-library/react/dist/act-compat.js:47:25
        at renderRoot (/Users/rbirmin/Documents/eaglescope/node_modules/@testing-library/react/dist/pure.js:180:26)
        at render (/Users/rbirmin/Documents/eaglescope/node_modules/@testing-library/react/dist/pure.js:271:10)
        at _callee$ (/Users/rbirmin/Documents/eaglescope/tests/App.test.js:13:29)
        at call (/Users/rbirmin/Documents/eaglescope/tests/App.test.js:2:1)
        at Generator.tryCatch (/Users/rbirmin/Documents/eaglescope/tests/App.test.js:2:1)
        at Generator._invoke [as next] (/Users/rbirmin/Documents/eaglescope/tests/App.test.js:2:1)
        at asyncGeneratorStep (/Users/rbirmin/Documents/eaglescope/tests/App.test.js:2:1)
        at asyncGeneratorStep (/Users/rbirmin/Documents/eaglescope/tests/App.test.js:2:1)
        at _next (/Users/rbirmin/Documents/eaglescope/tests/App.test.js:2:1)
        at new Promise (<anonymous>)
        at Object.<anonymous> (/Users/rbirmin/Documents/eaglescope/tests/App.test.js:2:1)
        at Promise.then.completed (/Users/rbirmin/Documents/eaglescope/node_modules/jest-circus/build/utils.js:298:28)
        at new Promise (<anonymous>)
        at callAsyncCircusFn (/Users/rbirmin/Documents/eaglescope/node_modules/jest-circus/build/utils.js:231:10)
        at _callCircusTest (/Users/rbirmin/Documents/eaglescope/node_modules/jest-circus/build/run.js:316:40)
        at processTicksAndRejections (node:internal/process/task_queues:95:5)
        at _runTest (/Users/rbirmin/Documents/eaglescope/node_modules/jest-circus/build/run.js:252:3)
        at _runTestsForDescribeBlock (/Users/rbirmin/Documents/eaglescope/node_modules/jest-circus/build/run.js:126:9)
        at _runTestsForDescribeBlock (/Users/rbirmin/Documents/eaglescope/node_modules/jest-circus/build/run.js:121:9)
        at run (/Users/rbirmin/Documents/eaglescope/node_modules/jest-circus/build/run.js:71:3)
        at runAndTransformResultsToJestFormat (/Users/rbirmin/Documents/eaglescope/node_modules/jest-circus/build/legacy-code-todo-rewrite/jestAdapterInit.js:122:21)
        at jestAdapter (/Users/rbirmin/Documents/eaglescope/node_modules/jest-circus/build/legacy-code-todo-rewrite/jestAdapter.js:79:19)
        at runTestInternal (/Users/rbirmin/Documents/eaglescope/node_modules/jest-runner/build/runTest.js:367:16)
        at runTest (/Users/rbirmin/Documents/eaglescope/node_modules/jest-runner/build/runTest.js:444:34) {
      detail: TypeError: targetWindow.matchMedia is not a function
          at getMatcher (/Users/rbirmin/Documents/eaglescope/node_modules/@restart/hooks/cjs/useMediaQuery.js:15:24)
          at useMediaQuery (/Users/rbirmin/Documents/eaglescope/node_modules/@restart/hooks/cjs/useMediaQuery.js:41:15)
          at useBreakpoint (/Users/rbirmin/Documents/eaglescope/node_modules/@restart/hooks/cjs/useBreakpoint.js:110:39)
          at /Users/rbirmin/Documents/eaglescope/node_modules/react-bootstrap/cjs/Offcanvas.js:72:62
          at renderWithHooks (/Users/rbirmin/Documents/eaglescope/node_modules/react-dom/cjs/react-dom.development.js:16305:18)
          at updateForwardRef (/Users/rbirmin/Documents/eaglescope/node_modules/react-dom/cjs/react-dom.development.js:19226:20)
          at beginWork (/Users/rbirmin/Documents/eaglescope/node_modules/react-dom/cjs/react-dom.development.js:21636:16)
          at HTMLUnknownElement.callCallback (/Users/rbirmin/Documents/eaglescope/node_modules/react-dom/cjs/react-dom.development.js:4164:14)
          at HTMLUnknownElement.callTheUserObjectsOperation (/Users/rbirmin/Documents/eaglescope/node_modules/jest-environment-jsdom/node_modules/jsdom/lib/jsdom/living/generated/EventListener.js:26:30)
          at innerInvokeEventListeners (/Users/rbirmin/Documents/eaglescope/node_modules/jest-environment-jsdom/node_modules/jsdom/lib/jsdom/living/events/EventTarget-impl.js:350:25)
          at invokeEventListeners (/Users/rbirmin/Documents/eaglescope/node_modules/jest-environment-jsdom/node_modules/jsdom/lib/jsdom/living/events/EventTarget-impl.js:286:3)
          at HTMLUnknownElementImpl._dispatch (/Users/rbirmin/Documents/eaglescope/node_modules/jest-environment-jsdom/node_modules/jsdom/lib/jsdom/living/events/EventTarget-impl.js:233:9)
          at HTMLUnknownElementImpl.dispatchEvent (/Users/rbirmin/Documents/eaglescope/node_modules/jest-environment-jsdom/node_modules/jsdom/lib/jsdom/living/events/EventTarget-impl.js:104:17)
          at HTMLUnknownElement.dispatchEvent (/Users/rbirmin/Documents/eaglescope/node_modules/jest-environment-jsdom/node_modules/jsdom/lib/jsdom/living/generated/EventTarget.js:241:34)
          at Object.invokeGuardedCallbackDev (/Users/rbirmin/Documents/eaglescope/node_modules/react-dom/cjs/react-dom.development.js:4213:16)
          at invokeGuardedCallback (/Users/rbirmin/Documents/eaglescope/node_modules/react-dom/cjs/react-dom.development.js:4277:31)
          at beginWork$1 (/Users/rbirmin/Documents/eaglescope/node_modules/react-dom/cjs/react-dom.development.js:27451:7)
          at performUnitOfWork (/Users/rbirmin/Documents/eaglescope/node_modules/react-dom/cjs/react-dom.development.js:26560:12)
          at workLoopSync (/Users/rbirmin/Documents/eaglescope/node_modules/react-dom/cjs/react-dom.development.js:26466:5)
          at renderRootSync (/Users/rbirmin/Documents/eaglescope/node_modules/react-dom/cjs/react-dom.development.js:26434:7)
          at performConcurrentWorkOnRoot (/Users/rbirmin/Documents/eaglescope/node_modules/react-dom/cjs/react-dom.development.js:25738:74)
          at flushActQueue (/Users/rbirmin/Documents/eaglescope/node_modules/react/cjs/react.development.js:2667:24)
          at act (/Users/rbirmin/Documents/eaglescope/node_modules/react/cjs/react.development.js:2582:11)
          at /Users/rbirmin/Documents/eaglescope/node_modules/@testing-library/react/dist/act-compat.js:47:25
          at renderRoot (/Users/rbirmin/Documents/eaglescope/node_modules/@testing-library/react/dist/pure.js:180:26)
          at render (/Users/rbirmin/Documents/eaglescope/node_modules/@testing-library/react/dist/pure.js:271:10)
          at _callee$ (/Users/rbirmin/Documents/eaglescope/tests/App.test.js:13:29)
          at call (/Users/rbirmin/Documents/eaglescope/tests/App.test.js:2:1)
          at Generator.tryCatch (/Users/rbirmin/Documents/eaglescope/tests/App.test.js:2:1)
          at Generator._invoke [as next] (/Users/rbirmin/Documents/eaglescope/tests/App.test.js:2:1)
          at asyncGeneratorStep (/Users/rbirmin/Documents/eaglescope/tests/App.test.js:2:1)
          at asyncGeneratorStep (/Users/rbirmin/Documents/eaglescope/tests/App.test.js:2:1)
          at _next (/Users/rbirmin/Documents/eaglescope/tests/App.test.js:2:1)
          at new Promise (<anonymous>)
          at Object.<anonymous> (/Users/rbirmin/Documents/eaglescope/tests/App.test.js:2:1)
          at Promise.then.completed (/Users/rbirmin/Documents/eaglescope/node_modules/jest-circus/build/utils.js:298:28)
          at new Promise (<anonymous>)
          at callAsyncCircusFn (/Users/rbirmin/Documents/eaglescope/node_modules/jest-circus/build/utils.js:231:10)
          at _callCircusTest (/Users/rbirmin/Documents/eaglescope/node_modules/jest-circus/build/run.js:316:40)
          at processTicksAndRejections (node:internal/process/task_queues:95:5)
          at _runTest (/Users/rbirmin/Documents/eaglescope/node_modules/jest-circus/build/run.js:252:3)
          at _runTestsForDescribeBlock (/Users/rbirmin/Documents/eaglescope/node_modules/jest-circus/build/run.js:126:9)
          at _runTestsForDescribeBlock (/Users/rbirmin/Documents/eaglescope/node_modules/jest-circus/build/run.js:121:9)
          at run (/Users/rbirmin/Documents/eaglescope/node_modules/jest-circus/build/run.js:71:3)
          at runAndTransformResultsToJestFormat (/Users/rbirmin/Documents/eaglescope/node_modules/jest-circus/build/legacy-code-todo-rewrite/jestAdapterInit.js:122:21)
          at jestAdapter (/Users/rbirmin/Documents/eaglescope/node_modules/jest-circus/build/legacy-code-todo-rewrite/jestAdapter.js:79:19)
          at runTestInternal (/Users/rbirmin/Documents/eaglescope/node_modules/jest-runner/build/runTest.js:367:16)
          at runTest (/Users/rbirmin/Documents/eaglescope/node_modules/jest-runner/build/runTest.js:444:34),
      type: 'unhandled exception'
    }

      11 | describe('App', () => {
      12 |   test('renders more than 0 visible items with react-grid-item class', async () => {
    > 13 |     const container = render(
         |                             ^
      14 |         <App overrideConfig={testConfig} overrideData={testData}/>
      15 |     );
      16 |

      at VirtualConsole.<anonymous> (node_modules/jest-environment-jsdom/build/index.js:63:23)
      at Object.invokeGuardedCallbackDev (node_modules/react-dom/cjs/react-dom.development.js:4213:16)
      at invokeGuardedCallback (node_modules/react-dom/cjs/react-dom.development.js:4277:31)
      at beginWork$1 (node_modules/react-dom/cjs/react-dom.development.js:27451:7)
      at performUnitOfWork (node_modules/react-dom/cjs/react-dom.development.js:26560:12)
      at workLoopSync (node_modules/react-dom/cjs/react-dom.development.js:26466:5)
      at renderRootSync (node_modules/react-dom/cjs/react-dom.development.js:26434:7)
      at performConcurrentWorkOnRoot (node_modules/react-dom/cjs/react-dom.development.js:25738:74)
      at flushActQueue (node_modules/react/cjs/react.development.js:2667:24)
      at act (node_modules/react/cjs/react.development.js:2582:11)
      at node_modules/@testing-library/react/dist/act-compat.js:47:25
      at renderRoot (node_modules/@testing-library/react/dist/pure.js:180:26)
      at render (node_modules/@testing-library/react/dist/pure.js:271:10)
      at _callee$ (tests/App.test.js:13:29)
      at call (tests/App.test.js:2:1)
      at Generator.tryCatch (tests/App.test.js:2:1)
      at Generator._invoke [as next] (tests/App.test.js:2:1)
      at asyncGeneratorStep (tests/App.test.js:2:1)
      at asyncGeneratorStep (tests/App.test.js:2:1)
      at _next (tests/App.test.js:2:1)
      at Object.<anonymous> (tests/App.test.js:2:1)

  console.error
    Error: Uncaught [TypeError: targetWindow.matchMedia is not a function]
        at reportException (/Users/rbirmin/Documents/eaglescope/node_modules/jest-environment-jsdom/node_modules/jsdom/lib/jsdom/living/helpers/runtime-script-errors.js:66:24)
        at innerInvokeEventListeners (/Users/rbirmin/Documents/eaglescope/node_modules/jest-environment-jsdom/node_modules/jsdom/lib/jsdom/living/events/EventTarget-impl.js:353:9)
        at invokeEventListeners (/Users/rbirmin/Documents/eaglescope/node_modules/jest-environment-jsdom/node_modules/jsdom/lib/jsdom/living/events/EventTarget-impl.js:286:3)
        at HTMLUnknownElementImpl._dispatch (/Users/rbirmin/Documents/eaglescope/node_modules/jest-environment-jsdom/node_modules/jsdom/lib/jsdom/living/events/EventTarget-impl.js:233:9)
        at HTMLUnknownElementImpl.dispatchEvent (/Users/rbirmin/Documents/eaglescope/node_modules/jest-environment-jsdom/node_modules/jsdom/lib/jsdom/living/events/EventTarget-impl.js:104:17)
        at HTMLUnknownElement.dispatchEvent (/Users/rbirmin/Documents/eaglescope/node_modules/jest-environment-jsdom/node_modules/jsdom/lib/jsdom/living/generated/EventTarget.js:241:34)
        at Object.invokeGuardedCallbackDev (/Users/rbirmin/Documents/eaglescope/node_modules/react-dom/cjs/react-dom.development.js:4213:16)
        at invokeGuardedCallback (/Users/rbirmin/Documents/eaglescope/node_modules/react-dom/cjs/react-dom.development.js:4277:31)
        at beginWork$1 (/Users/rbirmin/Documents/eaglescope/node_modules/react-dom/cjs/react-dom.development.js:27451:7)
        at performUnitOfWork (/Users/rbirmin/Documents/eaglescope/node_modules/react-dom/cjs/react-dom.development.js:26560:12)
        at workLoopSync (/Users/rbirmin/Documents/eaglescope/node_modules/react-dom/cjs/react-dom.development.js:26466:5)
        at renderRootSync (/Users/rbirmin/Documents/eaglescope/node_modules/react-dom/cjs/react-dom.development.js:26434:7)
        at recoverFromConcurrentError (/Users/rbirmin/Documents/eaglescope/node_modules/react-dom/cjs/react-dom.development.js:25850:20)
        at performConcurrentWorkOnRoot (/Users/rbirmin/Documents/eaglescope/node_modules/react-dom/cjs/react-dom.development.js:25750:22)
        at flushActQueue (/Users/rbirmin/Documents/eaglescope/node_modules/react/cjs/react.development.js:2667:24)
        at act (/Users/rbirmin/Documents/eaglescope/node_modules/react/cjs/react.development.js:2582:11)
        at /Users/rbirmin/Documents/eaglescope/node_modules/@testing-library/react/dist/act-compat.js:47:25
        at renderRoot (/Users/rbirmin/Documents/eaglescope/node_modules/@testing-library/react/dist/pure.js:180:26)
        at render (/Users/rbirmin/Documents/eaglescope/node_modules/@testing-library/react/dist/pure.js:271:10)
        at _callee$ (/Users/rbirmin/Documents/eaglescope/tests/App.test.js:13:29)
        at call (/Users/rbirmin/Documents/eaglescope/tests/App.test.js:2:1)
        at Generator.tryCatch (/Users/rbirmin/Documents/eaglescope/tests/App.test.js:2:1)
        at Generator._invoke [as next] (/Users/rbirmin/Documents/eaglescope/tests/App.test.js:2:1)
        at asyncGeneratorStep (/Users/rbirmin/Documents/eaglescope/tests/App.test.js:2:1)
        at asyncGeneratorStep (/Users/rbirmin/Documents/eaglescope/tests/App.test.js:2:1)
        at _next (/Users/rbirmin/Documents/eaglescope/tests/App.test.js:2:1)
        at new Promise (<anonymous>)
        at Object.<anonymous> (/Users/rbirmin/Documents/eaglescope/tests/App.test.js:2:1)
        at Promise.then.completed (/Users/rbirmin/Documents/eaglescope/node_modules/jest-circus/build/utils.js:298:28)
        at new Promise (<anonymous>)
        at callAsyncCircusFn (/Users/rbirmin/Documents/eaglescope/node_modules/jest-circus/build/utils.js:231:10)
        at _callCircusTest (/Users/rbirmin/Documents/eaglescope/node_modules/jest-circus/build/run.js:316:40)
        at processTicksAndRejections (node:internal/process/task_queues:95:5)
        at _runTest (/Users/rbirmin/Documents/eaglescope/node_modules/jest-circus/build/run.js:252:3)
        at _runTestsForDescribeBlock (/Users/rbirmin/Documents/eaglescope/node_modules/jest-circus/build/run.js:126:9)
        at _runTestsForDescribeBlock (/Users/rbirmin/Documents/eaglescope/node_modules/jest-circus/build/run.js:121:9)
        at run (/Users/rbirmin/Documents/eaglescope/node_modules/jest-circus/build/run.js:71:3)
        at runAndTransformResultsToJestFormat (/Users/rbirmin/Documents/eaglescope/node_modules/jest-circus/build/legacy-code-todo-rewrite/jestAdapterInit.js:122:21)
        at jestAdapter (/Users/rbirmin/Documents/eaglescope/node_modules/jest-circus/build/legacy-code-todo-rewrite/jestAdapter.js:79:19)
        at runTestInternal (/Users/rbirmin/Documents/eaglescope/node_modules/jest-runner/build/runTest.js:367:16)
        at runTest (/Users/rbirmin/Documents/eaglescope/node_modules/jest-runner/build/runTest.js:444:34) {
      detail: TypeError: targetWindow.matchMedia is not a function
          at getMatcher (/Users/rbirmin/Documents/eaglescope/node_modules/@restart/hooks/cjs/useMediaQuery.js:15:24)
          at useMediaQuery (/Users/rbirmin/Documents/eaglescope/node_modules/@restart/hooks/cjs/useMediaQuery.js:41:15)
          at useBreakpoint (/Users/rbirmin/Documents/eaglescope/node_modules/@restart/hooks/cjs/useBreakpoint.js:110:39)
          at /Users/rbirmin/Documents/eaglescope/node_modules/react-bootstrap/cjs/Offcanvas.js:72:62
          at renderWithHooks (/Users/rbirmin/Documents/eaglescope/node_modules/react-dom/cjs/react-dom.development.js:16305:18)
          at updateForwardRef (/Users/rbirmin/Documents/eaglescope/node_modules/react-dom/cjs/react-dom.development.js:19226:20)
          at beginWork (/Users/rbirmin/Documents/eaglescope/node_modules/react-dom/cjs/react-dom.development.js:21636:16)
          at HTMLUnknownElement.callCallback (/Users/rbirmin/Documents/eaglescope/node_modules/react-dom/cjs/react-dom.development.js:4164:14)
          at HTMLUnknownElement.callTheUserObjectsOperation (/Users/rbirmin/Documents/eaglescope/node_modules/jest-environment-jsdom/node_modules/jsdom/lib/jsdom/living/generated/EventListener.js:26:30)
          at innerInvokeEventListeners (/Users/rbirmin/Documents/eaglescope/node_modules/jest-environment-jsdom/node_modules/jsdom/lib/jsdom/living/events/EventTarget-impl.js:350:25)
          at invokeEventListeners (/Users/rbirmin/Documents/eaglescope/node_modules/jest-environment-jsdom/node_modules/jsdom/lib/jsdom/living/events/EventTarget-impl.js:286:3)
          at HTMLUnknownElementImpl._dispatch (/Users/rbirmin/Documents/eaglescope/node_modules/jest-environment-jsdom/node_modules/jsdom/lib/jsdom/living/events/EventTarget-impl.js:233:9)
          at HTMLUnknownElementImpl.dispatchEvent (/Users/rbirmin/Documents/eaglescope/node_modules/jest-environment-jsdom/node_modules/jsdom/lib/jsdom/living/events/EventTarget-impl.js:104:17)
          at HTMLUnknownElement.dispatchEvent (/Users/rbirmin/Documents/eaglescope/node_modules/jest-environment-jsdom/node_modules/jsdom/lib/jsdom/living/generated/EventTarget.js:241:34)
          at Object.invokeGuardedCallbackDev (/Users/rbirmin/Documents/eaglescope/node_modules/react-dom/cjs/react-dom.development.js:4213:16)
          at invokeGuardedCallback (/Users/rbirmin/Documents/eaglescope/node_modules/react-dom/cjs/react-dom.development.js:4277:31)
          at beginWork$1 (/Users/rbirmin/Documents/eaglescope/node_modules/react-dom/cjs/react-dom.development.js:27451:7)
          at performUnitOfWork (/Users/rbirmin/Documents/eaglescope/node_modules/react-dom/cjs/react-dom.development.js:26560:12)
          at workLoopSync (/Users/rbirmin/Documents/eaglescope/node_modules/react-dom/cjs/react-dom.development.js:26466:5)
          at renderRootSync (/Users/rbirmin/Documents/eaglescope/node_modules/react-dom/cjs/react-dom.development.js:26434:7)
          at recoverFromConcurrentError (/Users/rbirmin/Documents/eaglescope/node_modules/react-dom/cjs/react-dom.development.js:25850:20)
          at performConcurrentWorkOnRoot (/Users/rbirmin/Documents/eaglescope/node_modules/react-dom/cjs/react-dom.development.js:25750:22)
          at flushActQueue (/Users/rbirmin/Documents/eaglescope/node_modules/react/cjs/react.development.js:2667:24)
          at act (/Users/rbirmin/Documents/eaglescope/node_modules/react/cjs/react.development.js:2582:11)
          at /Users/rbirmin/Documents/eaglescope/node_modules/@testing-library/react/dist/act-compat.js:47:25
          at renderRoot (/Users/rbirmin/Documents/eaglescope/node_modules/@testing-library/react/dist/pure.js:180:26)
          at render (/Users/rbirmin/Documents/eaglescope/node_modules/@testing-library/react/dist/pure.js:271:10)
          at _callee$ (/Users/rbirmin/Documents/eaglescope/tests/App.test.js:13:29)
          at call (/Users/rbirmin/Documents/eaglescope/tests/App.test.js:2:1)
          at Generator.tryCatch (/Users/rbirmin/Documents/eaglescope/tests/App.test.js:2:1)
          at Generator._invoke [as next] (/Users/rbirmin/Documents/eaglescope/tests/App.test.js:2:1)
          at asyncGeneratorStep (/Users/rbirmin/Documents/eaglescope/tests/App.test.js:2:1)
          at asyncGeneratorStep (/Users/rbirmin/Documents/eaglescope/tests/App.test.js:2:1)
          at _next (/Users/rbirmin/Documents/eaglescope/tests/App.test.js:2:1)
          at new Promise (<anonymous>)
          at Object.<anonymous> (/Users/rbirmin/Documents/eaglescope/tests/App.test.js:2:1)
          at Promise.then.completed (/Users/rbirmin/Documents/eaglescope/node_modules/jest-circus/build/utils.js:298:28)
          at new Promise (<anonymous>)
          at callAsyncCircusFn (/Users/rbirmin/Documents/eaglescope/node_modules/jest-circus/build/utils.js:231:10)
          at _callCircusTest (/Users/rbirmin/Documents/eaglescope/node_modules/jest-circus/build/run.js:316:40)
          at processTicksAndRejections (node:internal/process/task_queues:95:5)
          at _runTest (/Users/rbirmin/Documents/eaglescope/node_modules/jest-circus/build/run.js:252:3)
          at _runTestsForDescribeBlock (/Users/rbirmin/Documents/eaglescope/node_modules/jest-circus/build/run.js:126:9)
          at _runTestsForDescribeBlock (/Users/rbirmin/Documents/eaglescope/node_modules/jest-circus/build/run.js:121:9)
          at run (/Users/rbirmin/Documents/eaglescope/node_modules/jest-circus/build/run.js:71:3)
          at runAndTransformResultsToJestFormat (/Users/rbirmin/Documents/eaglescope/node_modules/jest-circus/build/legacy-code-todo-rewrite/jestAdapterInit.js:122:21)
          at jestAdapter (/Users/rbirmin/Documents/eaglescope/node_modules/jest-circus/build/legacy-code-todo-rewrite/jestAdapter.js:79:19)
          at runTestInternal (/Users/rbirmin/Documents/eaglescope/node_modules/jest-runner/build/runTest.js:367:16)
          at runTest (/Users/rbirmin/Documents/eaglescope/node_modules/jest-runner/build/runTest.js:444:34),
      type: 'unhandled exception'
    }

      11 | describe('App', () => {
      12 |   test('renders more than 0 visible items with react-grid-item class', async () => {
    > 13 |     const container = render(
         |                             ^
      14 |         <App overrideConfig={testConfig} overrideData={testData}/>
      15 |     );
      16 |

      at VirtualConsole.<anonymous> (node_modules/jest-environment-jsdom/build/index.js:63:23)
      at Object.invokeGuardedCallbackDev (node_modules/react-dom/cjs/react-dom.development.js:4213:16)
      at invokeGuardedCallback (node_modules/react-dom/cjs/react-dom.development.js:4277:31)
      at beginWork$1 (node_modules/react-dom/cjs/react-dom.development.js:27451:7)
      at performUnitOfWork (node_modules/react-dom/cjs/react-dom.development.js:26560:12)
      at workLoopSync (node_modules/react-dom/cjs/react-dom.development.js:26466:5)
      at renderRootSync (node_modules/react-dom/cjs/react-dom.development.js:26434:7)
      at recoverFromConcurrentError (node_modules/react-dom/cjs/react-dom.development.js:25850:20)
      at performConcurrentWorkOnRoot (node_modules/react-dom/cjs/react-dom.development.js:25750:22)
      at flushActQueue (node_modules/react/cjs/react.development.js:2667:24)
      at act (node_modules/react/cjs/react.development.js:2582:11)
      at node_modules/@testing-library/react/dist/act-compat.js:47:25
      at renderRoot (node_modules/@testing-library/react/dist/pure.js:180:26)
      at render (node_modules/@testing-library/react/dist/pure.js:271:10)
      at _callee$ (tests/App.test.js:13:29)
      at call (tests/App.test.js:2:1)
      at Generator.tryCatch (tests/App.test.js:2:1)
      at Generator._invoke [as next] (tests/App.test.js:2:1)
      at asyncGeneratorStep (tests/App.test.js:2:1)
      at asyncGeneratorStep (tests/App.test.js:2:1)
      at _next (tests/App.test.js:2:1)
      at Object.<anonymous> (tests/App.test.js:2:1)

  console.error
    The above error occurred in the <Offcanvas> component:
    
        at /Users/rbirmin/Documents/eaglescope/node_modules/react-bootstrap/cjs/Offcanvas.js:35:3
        at Settings (/Users/rbirmin/Documents/eaglescope/source/components/Settings/Settings.js:16:43)
        at nav
        at /Users/rbirmin/Documents/eaglescope/node_modules/react-bootstrap/cjs/Navbar.js:37:43
        at url (/Users/rbirmin/Documents/eaglescope/source/components/ESNavbar/ESNavbar.js:13:5)
        at div
        at Eaglescope (/Users/rbirmin/Documents/eaglescope/source/components/Eaglescope/Eaglescope.js:13:51)
        at children (/Users/rbirmin/Documents/eaglescope/source/contexts/DataContext.js:65:47)
        at children (/Users/rbirmin/Documents/eaglescope/source/contexts/ConfigContext.js:7:49)
        at overrideConfig (/Users/rbirmin/Documents/eaglescope/source/Application.js:8:16)
    
    Consider adding an error boundary to your tree to customize error handling behavior.
    Visit https://reactjs.org/link/error-boundaries to learn more about error boundaries.

      11 | describe('App', () => {
      12 |   test('renders more than 0 visible items with react-grid-item class', async () => {
    > 13 |     const container = render(
         |                             ^
      14 |         <App overrideConfig={testConfig} overrideData={testData}/>
      15 |     );
      16 |

      at logCapturedError (node_modules/react-dom/cjs/react-dom.development.js:18687:23)
      at update.callback (node_modules/react-dom/cjs/react-dom.development.js:18720:5)
      at callCallback (node_modules/react-dom/cjs/react-dom.development.js:13923:12)
      at commitUpdateQueue (node_modules/react-dom/cjs/react-dom.development.js:13944:9)
      at commitLayoutEffectOnFiber (node_modules/react-dom/cjs/react-dom.development.js:23391:13)
      at commitLayoutMountEffects_complete (node_modules/react-dom/cjs/react-dom.development.js:24688:9)
      at commitLayoutEffects_begin (node_modules/react-dom/cjs/react-dom.development.js:24674:7)
      at commitLayoutEffects (node_modules/react-dom/cjs/react-dom.development.js:24612:3)
      at commitRootImpl (node_modules/react-dom/cjs/react-dom.development.js:26823:5)
      at commitRoot (node_modules/react-dom/cjs/react-dom.development.js:26682:5)
      at finishConcurrentRender (node_modules/react-dom/cjs/react-dom.development.js:25892:9)
      at performConcurrentWorkOnRoot (node_modules/react-dom/cjs/react-dom.development.js:25809:7)
      at flushActQueue (node_modules/react/cjs/react.development.js:2667:24)
      at act (node_modules/react/cjs/react.development.js:2582:11)
      at node_modules/@testing-library/react/dist/act-compat.js:47:25
      at renderRoot (node_modules/@testing-library/react/dist/pure.js:180:26)
      at render (node_modules/@testing-library/react/dist/pure.js:271:10)
      at _callee$ (tests/App.test.js:13:29)
      at call (tests/App.test.js:2:1)
      at Generator.tryCatch (tests/App.test.js:2:1)
      at Generator._invoke [as next] (tests/App.test.js:2:1)
      at asyncGeneratorStep (tests/App.test.js:2:1)
      at asyncGeneratorStep (tests/App.test.js:2:1)
      at _next (tests/App.test.js:2:1)
      at Object.<anonymous> (tests/App.test.js:2:1)

